生成启动时间为 2021/7/12 17:16:29。
     1>项目“c:\Users\user\documents\visual studio 2013\Projects\ConCurrmentMemoryPoolProject\ConCurrmentMemoryPoolProject\ConCurrmentMemoryPoolProject.vcxproj”在节点 2 上(Build 个目标)。
     1>ClCompile:
         D:\专业软件\VS2013\VC\bin\CL.exe /c /Zi /nologo /W3 /WX- /sdl /O2 /Oi /Oy- /GL /D _MBCS /Gm- /EHsc /MD /GS /Gy /fp:precise /Zc:wchar_t /Zc:forScope /Fo"Release\\" /Fd"Release\vc120.pdb" /Gd /TP /analyze- /errorReport:prompt Benchmark.cpp CentralControlCache.cpp PageCache.cpp ThreadCache.cpp UnitTest.cpp
         Benchmark.cpp
         CentralControlCache.cpp
         PageCache.cpp
         ThreadCache.cpp
         UnitTest.cpp
       Link:
         D:\专业软件\VS2013\VC\bin\link.exe /ERRORREPORT:PROMPT /OUT:"c:\users\user\documents\visual studio 2013\Projects\ConCurrmentMemoryPoolProject\Release\ConCurrmentMemoryPoolProject.exe" /NOLOGO kernel32.lib user32.lib gdi32.lib winspool.lib comdlg32.lib advapi32.lib shell32.lib ole32.lib oleaut32.lib uuid.lib odbc32.lib odbccp32.lib /MANIFEST /MANIFESTUAC:"level='asInvoker' uiAccess='false'" /manifest:embed /DEBUG /PDB:"c:\users\user\documents\visual studio 2013\Projects\ConCurrmentMemoryPoolProject\Release\ConCurrmentMemoryPoolProject.pdb" /SUBSYSTEM:CONSOLE /OPT:REF /OPT:ICF /LTCG /TLBID:1 /DYNAMICBASE /NXCOMPAT /IMPLIB:"c:\users\user\documents\visual studio 2013\Projects\ConCurrmentMemoryPoolProject\Release\ConCurrmentMemoryPoolProject.lib" /MACHINE:X86 /SAFESEH Release\Benchmark.obj
         Release\CentralControlCache.obj
         Release\PageCache.obj
         Release\ThreadCache.obj
         Release\UnitTest.obj
         正在生成代码
         已完成代码的生成
         ConCurrmentMemoryPoolProject.vcxproj -> c:\users\user\documents\visual studio 2013\Projects\ConCurrmentMemoryPoolProject\Release\ConCurrmentMemoryPoolProject.exe
     1>已完成生成项目“c:\Users\user\documents\visual studio 2013\Projects\ConCurrmentMemoryPoolProject\ConCurrmentMemoryPoolProject\ConCurrmentMemoryPoolProject.vcxproj”(Build 个目标)的操作。

生成成功。

已用时间 00:00:03.73
